Build started 2021/8/27 15:28:11.
     1>Project "E:\ZZii\第一次\三子棋\三子棋\三子棋.vcxproj" on node 2 (build target(s)).
     1>InitializeBuildStatus:
         Creating "Debug\三子棋.unsuccessfulbuild" because "AlwaysCreate" was specified.
       ClCompile:
         D:\BaiduNetdiskDownload\Visual Studio 2010 Ultimate\Visual Studio 2010 Ultimate\VC\bin\CL.exe /c /ZI /nologo /W3 /WX- /Od /Oy- /D _UNICODE /D UNICODE /Gm /EHsc /RTC1 /MDd /GS /fp:precise /Zc:wchar_t /Zc:forScope /Fo"Debug\\" /Fd"Debug\vc100.pdb" /Gd /TC /analyze- /errorReport:prompt game.c
         game.c
       Link:
         D:\BaiduNetdiskDownload\Visual Studio 2010 Ultimate\Visual Studio 2010 Ultimate\VC\bin\link.exe /ERRORREPORT:PROMPT /OUT:"E:\ZZii\第一次\三子棋\Debug\三子棋.exe" /NOLOGO kernel32.lib user32.lib gdi32.lib winspool.lib comdlg32.lib advapi32.lib shell32.lib ole32.lib oleaut32.lib uuid.lib odbc32.lib odbccp32.lib /MANIFEST /ManifestFile:"Debug\三子棋.exe.intermediate.manifest" /MANIFESTUAC:"level='asInvoker' uiAccess='false'" /DEBUG /PDB:"E:\ZZii\第一次\三子棋\Debug\三子棋.pdb" /SUBSYSTEM:CONSOLE /TLBID:1 /DYNAMICBASE /NXCOMPAT /IMPLIB:"E:\ZZii\第一次\三子棋\Debug\三子棋.lib" /MACHINE:X86 Debug\game.obj
         Debug\test.obj
         LINK : 没有找到 E:\ZZii\第一次\三子棋\Debug\三子棋.exe 或上一个增量链接没有生成它；正在执行完全链接
         三子棋.vcxproj -> E:\ZZii\第一次\三子棋\Debug\三子棋.exe
       Manifest:
         C:\Program Files (x86)\Microsoft SDKs\Windows\v7.0A\bin\mt.exe /nologo /verbose /outputresource:"E:\ZZii\第一次\三子棋\Debug\三子棋.exe;#1" /manifest "Debug\三子棋.exe.intermediate.manifest"
       FinalizeBuildStatus:
         Deleting file "Debug\三子棋.unsuccessfulbuild".
         Touching "Debug\三子棋.lastbuildstate".
     1>Done Building Project "E:\ZZii\第一次\三子棋\三子棋\三子棋.vcxproj" (build target(s)).

生成成功。

Time Elapsed 00:00:11.29
