C:\PROGRAM FILES (X86)\SOGOUINPUT\COMPONENTS\PICFACE\1.1.0.1880\PICFACEDATA\SGIM_PF_CKEY.BIN
C:\PROGRAM FILES (X86)\SOGOUINPUT\COMPONENTS\PICFACE\1.1.0.1880\PICFACEDATA\SGIM_PF_CKEY_BAK.BIN
C:\PROGRAMDATA\SOGOUINPUT\COMPONENTS\PICFACE\CLOUD\SGIM_PICFACE_CLOUD.BIN
C:\PROGRAMDATA\SOGOUINPUT\COMPONENTS\PICFACE\CLOUD\SGIM_PICFACE_CLOUD_BAK.BIN
C:\USERS\ADMINISTRATOR\APPDATA\LOCALLOW\SOGOUPY\COMPONENTS\COMPONENTCONFIG.INI
E:\ZZII\第一次\三子棋\DEBUG\三子棋.EXE
E:\ZZii\第一次\三子棋\Debug\三子棋.exe.CodeAnalysisLog.xml
E:\ZZii\第一次\三子棋\Debug\三子棋.exe.lastcodeanalysissucceeded
E:\ZZII\第一次\三子棋\DEBUG\三子棋.ILK
E:\ZZII\第一次\三子棋\DEBUG\三子棋.PDB
E:\ZZii\第一次\三子棋\三子棋\Debug\cl.command.1.tlog
E:\ZZii\第一次\三子棋\三子棋\Debug\CL.read.1.tlog
E:\ZZii\第一次\三子棋\三子棋\Debug\CL.read.3.tlog
E:\ZZii\第一次\三子棋\三子棋\Debug\CL.write.1.tlog
E:\ZZii\第一次\三子棋\三子棋\Debug\CL.write.3.tlog
E:\ZZII\第一次\三子棋\三子棋\DEBUG\GAME.OBJ
E:\ZZii\第一次\三子棋\三子棋\Debug\link.command.1.tlog
E:\ZZii\第一次\三子棋\三子棋\Debug\link.read.1.tlog
E:\ZZii\第一次\三子棋\三子棋\Debug\link.write.1.tlog
E:\ZZii\第一次\三子棋\三子棋\Debug\mt.command.1.tlog
E:\ZZii\第一次\三子棋\三子棋\Debug\mt.read.1.tlog
E:\ZZii\第一次\三子棋\三子棋\Debug\mt.write.1.tlog
E:\ZZII\第一次\三子棋\三子棋\DEBUG\TEST.OBJ
E:\ZZii\第一次\三子棋\三子棋\Debug\vc100.idb
E:\ZZII\第一次\三子棋\三子棋\DEBUG\VC100.PDB
E:\ZZII\第一次\三子棋\三子棋\DEBUG\三子棋.EXE.INTERMEDIATE.MANIFEST
